<?xml version="1.0" encoding="UTF-8"?>
<!-- Generated by org.testng.reporters.JUnitXMLReporter -->
<testsuite hostname="Moms-Gram" ignored="0" name="EmployeesRestAPITest" tests="34" failures="12" timestamp="2022-04-02T23:39:37 CDT" time="25.112" errors="0">
  <testcase name="checkContentLenght" time="0.008" classname="com.employeeapi.testcases.TC001GetAllEmployees"/>
  <testcase name="checkContentType" time="0.002" classname="com.employeeapi.testcases.TC001GetAllEmployees">
    <failure type="java.lang.AssertionError" message="expected [text/html; charset=UTF-8] but found [application/json]">
      <![CDATA[java.lang.AssertionError: expected [text/html; charset=UTF-8] but found [application/json]
at com.employeeapi.testcases.TC001GetAllEmployees.checkContentType(TC001GetAllEmployees.java:97)
at java.util.ArrayList.forEach(ArrayList.java:1259)
... Removed 33 stack frames]]>
    </failure>
  </testcase> <!-- checkContentType -->
  <testcase name="checkCookies" time="0.0" classname="com.employeeapi.testcases.TC001GetAllEmployees"/>
  <testcase name="checkResponseTime" time="0.002" classname="com.employeeapi.testcases.TC001GetAllEmployees"/>
  <testcase name="checkResposeBody" time="0.01" classname="com.employeeapi.testcases.TC001GetAllEmployees"/>
  <testcase name="checkStatusCode" time="0.0" classname="com.employeeapi.testcases.TC001GetAllEmployees"/>
  <testcase name="checkcontentEncoding" time="0.002" classname="com.employeeapi.testcases.TC001GetAllEmployees"/>
  <testcase name="checkserverType" time="0.002" classname="com.employeeapi.testcases.TC001GetAllEmployees">
    <failure type="java.lang.AssertionError" message="expected [nginx/1.14.1] but found [nginx]">
      <![CDATA[java.lang.AssertionError: expected [nginx/1.14.1] but found [nginx]
at com.employeeapi.testcases.TC001GetAllEmployees.checkserverType(TC001GetAllEmployees.java:107)
at java.util.ArrayList.forEach(ArrayList.java:1259)
... Removed 33 stack frames]]>
    </failure>
  </testcase> <!-- checkserverType -->
  <testcase name="checkstatusLine" time="0.004" classname="com.employeeapi.testcases.TC001GetAllEmployees"/>
  <testcase name="checkContentLenght" time="0.002" classname="com.employeeapi.testcases.TC002GetSingleEmployeeRecord"/>
  <testcase name="checkContentType" time="0.0" classname="com.employeeapi.testcases.TC002GetSingleEmployeeRecord">
    <failure type="java.lang.AssertionError" message="expected [application/json] but found [text/html; charset=UTF-8]">
      <![CDATA[java.lang.AssertionError: expected [application/json] but found [text/html; charset=UTF-8]
at com.employeeapi.testcases.TC002GetSingleEmployeeRecord.checkContentType(TC002GetSingleEmployeeRecord.java:72)
at java.util.ArrayList.forEach(ArrayList.java:1259)
... Removed 33 stack frames]]>
    </failure>
  </testcase> <!-- checkContentType -->
  <testcase name="checkResponseTime" time="0.0" classname="com.employeeapi.testcases.TC002GetSingleEmployeeRecord"/>
  <testcase name="checkResposeBody" time="0.006" classname="com.employeeapi.testcases.TC002GetSingleEmployeeRecord"/>
  <testcase name="checkStatusCode" time="0.0" classname="com.employeeapi.testcases.TC002GetSingleEmployeeRecord">
    <failure type="java.lang.AssertionError" message="expected [200] but found [429]">
      <![CDATA[java.lang.AssertionError: expected [200] but found [429]
at com.employeeapi.testcases.TC002GetSingleEmployeeRecord.checkStatusCode(TC002GetSingleEmployeeRecord.java:48)
at java.util.ArrayList.forEach(ArrayList.java:1259)
... Removed 33 stack frames]]>
    </failure>
  </testcase> <!-- checkStatusCode -->
  <testcase name="checkserverType" time="0.0" classname="com.employeeapi.testcases.TC002GetSingleEmployeeRecord"/>
  <testcase name="checkstatusLine" time="0.0" classname="com.employeeapi.testcases.TC002GetSingleEmployeeRecord">
    <failure type="java.lang.AssertionError" message="expected [HTTP/1.1 200 OK] but found [HTTP/1.1 429 Too Many Requests]">
      <![CDATA[java.lang.AssertionError: expected [HTTP/1.1 200 OK] but found [HTTP/1.1 429 Too Many Requests]
at com.employeeapi.testcases.TC002GetSingleEmployeeRecord.checkstatusLine(TC002GetSingleEmployeeRecord.java:63)
at java.util.ArrayList.forEach(ArrayList.java:1259)
... Removed 33 stack frames]]>
    </failure>
  </testcase> <!-- checkstatusLine -->
  <testcase name="checkContentType" time="0.0" classname="com.employeeapi.testcases.TC003PostEmployeeRecord">
    <failure type="java.lang.AssertionError" message="expected [text/html; charset=UTF-8] but found [application/json]">
      <![CDATA[java.lang.AssertionError: expected [text/html; charset=UTF-8] but found [application/json]
at com.employeeapi.testcases.TC003PostEmployeeRecord.checkContentType(TC003PostEmployeeRecord.java:96)
at java.util.ArrayList.forEach(ArrayList.java:1259)
... Removed 33 stack frames]]>
    </failure>
  </testcase> <!-- checkContentType -->
  <testcase name="checkResposeBody" time="0.004" classname="com.employeeapi.testcases.TC003PostEmployeeRecord"/>
  <testcase name="checkStatusCode" time="0.002" classname="com.employeeapi.testcases.TC003PostEmployeeRecord"/>
  <testcase name="checkcontentEncoding" time="0.0" classname="com.employeeapi.testcases.TC003PostEmployeeRecord">
    <failure type="java.lang.AssertionError" message="expected [gzip] but found [null]">
      <![CDATA[java.lang.AssertionError: expected [gzip] but found [null]
at com.employeeapi.testcases.TC003PostEmployeeRecord.checkcontentEncoding(TC003PostEmployeeRecord.java:110)
at java.util.ArrayList.forEach(ArrayList.java:1259)
... Removed 33 stack frames]]>
    </failure>
  </testcase> <!-- checkcontentEncoding -->
  <testcase name="checkserverType" time="0.0" classname="com.employeeapi.testcases.TC003PostEmployeeRecord"/>
  <testcase name="checkstatusLine" time="0.0" classname="com.employeeapi.testcases.TC003PostEmployeeRecord"/>
  <testcase name="checkContentType" time="0.0" classname="com.employeeapi.testcases.TC004PutEmplyoeeRecord"/>
  <testcase name="checkResposeBody" time="0.0" classname="com.employeeapi.testcases.TC004PutEmplyoeeRecord"/>
  <testcase name="checkStatusCode" time="0.003" classname="com.employeeapi.testcases.TC004PutEmplyoeeRecord"/>
  <testcase name="checkcontentEncoding" time="0.0" classname="com.employeeapi.testcases.TC004PutEmplyoeeRecord">
    <failure type="java.lang.AssertionError" message="expected [gzip] but found [null]">
      <![CDATA[java.lang.AssertionError: expected [gzip] but found [null]
at com.employeeapi.testcases.TC004PutEmplyoeeRecord.checkcontentEncoding(TC004PutEmplyoeeRecord.java:110)
at java.util.ArrayList.forEach(ArrayList.java:1259)
... Removed 33 stack frames]]>
    </failure>
  </testcase> <!-- checkcontentEncoding -->
  <testcase name="checkserverType" time="0.009" classname="com.employeeapi.testcases.TC004PutEmplyoeeRecord"/>
  <testcase name="checkstatusLine" time="0.0" classname="com.employeeapi.testcases.TC004PutEmplyoeeRecord"/>
  <testcase name="checkContentType" time="0.0" classname="com.employeeapi.testcases.TC005DeleteEmployeeRecord"/>
  <testcase name="checkResposeBody" time="0.001" classname="com.employeeapi.testcases.TC005DeleteEmployeeRecord">
    <failure type="java.lang.AssertionError" message="expected [true] but found [false]">
      <![CDATA[java.lang.AssertionError: expected [true] but found [false]
at com.employeeapi.testcases.TC005DeleteEmployeeRecord.checkResposeBody(TC005DeleteEmployeeRecord.java:60)
at java.util.ArrayList.forEach(ArrayList.java:1259)
... Removed 33 stack frames]]>
    </failure>
  </testcase> <!-- checkResposeBody -->
  <testcase name="checkStatusCode" time="0.001" classname="com.employeeapi.testcases.TC005DeleteEmployeeRecord">
    <failure type="java.lang.AssertionError" message="expected [200] but found [429]">
      <![CDATA[java.lang.AssertionError: expected [200] but found [429]
at com.employeeapi.testcases.TC005DeleteEmployeeRecord.checkStatusCode(TC005DeleteEmployeeRecord.java:68)
at java.util.ArrayList.forEach(ArrayList.java:1259)
... Removed 33 stack frames]]>
    </failure>
  </testcase> <!-- checkStatusCode -->
  <testcase name="checkcontentEncoding" time="0.002" classname="com.employeeapi.testcases.TC005DeleteEmployeeRecord"/>
  <testcase name="checkserverType" time="0.0" classname="com.employeeapi.testcases.TC005DeleteEmployeeRecord">
    <failure type="java.lang.AssertionError" message="expected [nginx/1.14.1] but found [nginx]">
      <![CDATA[java.lang.AssertionError: expected [nginx/1.14.1] but found [nginx]
at com.employeeapi.testcases.TC005DeleteEmployeeRecord.checkserverType(TC005DeleteEmployeeRecord.java:90)
at java.util.ArrayList.forEach(ArrayList.java:1259)
... Removed 33 stack frames]]>
    </failure>
  </testcase> <!-- checkserverType -->
  <testcase name="checkstatusLine" time="0.0" classname="com.employeeapi.testcases.TC005DeleteEmployeeRecord">
    <failure type="java.lang.AssertionError" message="expected [HTTP/1.1 200 OK] but found [HTTP/1.1 429 Too Many Requests]">
      <![CDATA[java.lang.AssertionError: expected [HTTP/1.1 200 OK] but found [HTTP/1.1 429 Too Many Requests]
at com.employeeapi.testcases.TC005DeleteEmployeeRecord.checkstatusLine(TC005DeleteEmployeeRecord.java:75)
at java.util.ArrayList.forEach(ArrayList.java:1259)
... Removed 33 stack frames]]>
    </failure>
  </testcase> <!-- checkstatusLine -->
</testsuite> <!-- EmployeesRestAPITest -->
